<?xml version="1.0" encoding="UTF-8"?>
<!-- Generated by org.testng.reporters.JUnitXMLReporter -->
<testsuite ignored="0" hostname="DESKTOP-2N7K4L6" failures="0" tests="5" name="Test" time="6.03" errors="0" timestamp="2024-11-20T21:56:23 IST">
  <testcase classname="Default.Login" name="HP_Admin" time="0.015"/>
  <testcase classname="Default.LoginPage" name="HP_AboutUs" time="0.37"/>
  <testcase classname="Default.LoginPage" name="HP_Home" time="0.189"/>
  <testcase classname="Default.LoginPage" name="HP_OnlineBusBookingTitle" time="0.163"/>
  <testcase classname="Default.LoginPage" name="HP_SearchBuses" time="2.446"/>
</testsuite> <!-- Test -->
